
Oct 01, 2019 24:11:38.83 NEW SESSION
Oct 01, 2019 24:11:38.83 [Parent 15012, Gecko_IOThread] WARNING: pipe error: 109: file z:/task_1568728986/build/src/ipc/chromium/src/chrome/common/ipc_channel_win.cc, line 341
Oct 01, 2019 24:11:39.17 [Child 15268, Chrome_ChildThread] WARNING: 
Oct 01, 2019 24:11:39.30 ###!!! [Parent][RunMessage] Error: Channel closing: too late to send/recv, messages will be lost
Oct 01, 2019 24:11:39.33 
Oct 01, 2019 24:11:39.36 
Oct 01, 2019 24:11:39.38 ###!!! [Child][MessageChannel::SendAndWait] Error: Channel error: cannot send/recv
Oct 01, 2019 24:11:39.41 
Oct 01, 2019 24:22:11.02 [Parent 14780, Gecko_IOThread] WARNING: pipe error: 109: file z:/task_1568728986/build/src/ipc/chromium/src/chrome/common/ipc_channel_win.cc, line 341
Oct 01, 2019 24:22:11.02 [Child 12668, Chrome_ChildThread] WARNING: pipe error: 109: file z:/task_1568728986/build/src/ipc/chromium/src/chrome/common/ipc_channel_win.cc, line 341
Oct 01, 2019 24:23:41.79 [Child 12668, Chrome_ChildThread] WARN[Parent 14780, Gecko_IOThread] WARNING: pipe error: 109: file z:/task_1568728986/build/src/ipc/chromium/src/chrome/common/ipc_channel_win.cc, line 341
Oct 01, 2019 24:23:41.79 [Child 14548, Chrome_ChildThread] WARNING: pipe error: 109: file z:/task_1568728986/build/src/ipc/chromium/src/chrome/common/ipc_channel_win.cc, line 341
Oct 01, 2019 24:23:43.83 [Child 14548, Chrome_ChildThread] W[Child 11572, Chrome_ChildThread] WARNING: pipe error: 109: file z:/task_1568728986/build/src/ipc/chromium/src/chrome/common/ipc_channel_win.cc, line 341
Oct 01, 2019 24:23:44.05 
Oct 01, 2019 24:23:44.06 ###!!! [Parent][RunMessage] Error: Channel closing: too late to send/recv, messages will be lost
Oct 01, 2019 24:23:44.06 
Oct 01, 2019 24:23:44.08 
Oct 01, 2019 24:23:44.08 ###!!! [Child][MessageChannel::SendAndWait] Error: Channel error: cannot send/recv
Oct 01, 2019 24:23:44.09 

Oct 04, 2019 18:14:13.75 NEW SESSION
Oct 04, 2019 18:14:13.75 [Parent 10232, Gecko_IOThread] WARNING: pipe error: 109: file z:/task_1568728986/build/src/ipc/chromium/src/chrome/common/ipc_channel_win.cc, line 341
Oct 04, 2019 18:14:13.94 [Child 11844, Chrome_ChildThread] WARNING: pipe error: 109: file z:/task_1568728986/build/src/ipc/chromium/src/chrome/common/ipc_channel_win.cc, line 341
Oct 04, 2019 18:14:14.19 
Oct 04, 2019 18:14:14.20 ###!!! [Child][RunMessage] Error: Channel closing: too late to send/recv, messages will be lost
Oct 04, 2019 18:14:14.20 
Oct 04, 2019 18:14:14.21 [GPU 2736, Chrome_ChildThread] WARNIN
Oct 04, 2019 18:14:14.22 ###!!! [Parent][RunMessage] Error: Channel closing: too late to send/recv, messages will be lost
Oct 04, 2019 18:14:14.22 
Oct 04, 2019 18:14:14.24 
Oct 04, 2019 18:14:14.27 ###!!! [Child][MessageChannel::SendAndWait] Error: Channel error: cannot send/recv
Oct 04, 2019 18:14:14.27 

Oct 06, 2019 21:57:43.25 NEW SESSION
Oct 06, 2019 21:57:43.25 IPDL protocol error: Handler returned error code!
Oct 06, 2019 21:57:43.31 
Oct 06, 2019 21:57:43.31 ###!!! [Parent][DispatchAsyncMessage] Error: PAPZCTreeManager::Msg_SetTargetAPZC Processing error: message was deserialized, but the handler returned false (indicating failure)
Oct 06, 2019 21:57:43.31 
Oct 06, 2019 21:57:48.03 IPDL protocol error: Handler returned error code!
Oct 06, 2019 21:57:48.04 
Oct 06, 2019 21:57:48.04 ###!!! [Parent][DispatchAsyncMessage] Error: PAPZCTreeManager::Msg_SetTargetAPZC Processing error: message was deserialized, but the handler returned false (indicating failure)
Oct 06, 2019 21:57:48.04 
Oct 06, 2019 22:07:33.57 IPDL protocol error: Handler returned error code!
Oct 06, 2019 22:07:33.58 
Oct 06, 2019 22:07:33.58 ###!!! [Parent][DispatchAsyncMessage] Error: PAPZCTreeManager::Msg_SetTargetAPZC Processing error: message was deserialized, but the handler returned false (indicating failure)
Oct 06, 2019 22:07:33.58 
Oct 06, 2019 22:10:11.39 [Child 8076, Chrome_ChildThread] WARNING: pipe error: 109: file z:/task_1568728986/build/src/ipc/chromium/src/chrome/common/ipc_channel_win.cc, line 341
Oct 06, 2019 22:10:11.39 [Child 8076, Chrome_ChildThread] WARNING: pipe error: 109: file z:/task_1568728986/build/src/ipc/chromium/src/chrome/common/ipc_channel_win.cc, line 341

Oct 07, 2019 17:26:11.29 NEW SESSION
Oct 07, 2019 17:26:11.29 [Parent 4924, Gecko_IOThread] WARNING: pipe error: 109: file z:/task_1568728986/build/src/ipc/chromium/src/chrome/common/ipc_channel_win.cc, line 341
Oct 07, 2019 17:26:11.62 [Child 1148, Chrome_ChildThread] WARNING: pipe error: 109: file z:/task_1568728986/build/src/ipc/chromium/src/chrome/common/ipc_channel_win.cc, line 341
Oct 07, 2019 17:26:11.62 [Child 11372, Chrome_ChildThread] WARNING: pipe error: 109: file z:/task_1568728986/build/src/ipc/chromium/src/chrome/common/ipc_channel_win.cc, line 341
Oct 07, 2019 17:26:11.65 [Child 11372, Chrome_ChildThread] WARNING: pipe error: 109: file z:/task_1568728986/build/src/ipc/chromium/src/chrome/comm
Oct 07, 2019 17:26:11.66 ###!!! [Parent][RunMessage] Error: Channel closing: too late to send/recv, messages will be lost
Oct 07, 2019 17:26:11.66 
Oct 07, 2019 17:26:11.75 
Oct 07, 2019 17:26:11.75 ###!!! [Child][MessageChannel::SendAndWait] Error: Channel error: cannot send/recv
Oct 07, 2019 17:26:11.76 

Oct 08, 2019 16:36:57.31 NEW SESSION
Oct 08, 2019 16:36:57.31 [Child 10596, Chrome_ChildThread] WARNING: pipe error: 109: file z:/task[Parent 7296, Gecko_IOThread] WARNING: pipe error: 109: file z:/task_1568728986/build/src/ipc/chromium/src/chrome/common/ipc_channel_win.cc, line 341
Oct 08, 2019 16:36:57.37 [Parent 7296, Gecko_IOThread] WARNING: pipe error: 109: file z:/task_1568728986/build/src/ipc/chromium/src/chrome/common/ipc_channel_win.cc, line 341
Oct 08, 2019 16:36:57.39 [Child 11436, Chrome_ChildThread] WARNING: pipe error: 109: file z:/task_1568728986/build/src/ipc/chromium/src/chrome/common/ipc_channel_win.cc, line 341
Oct 08, 2019 16:36:57.39 [Child 3580, Chrome_ChildThread] WARNING: pipe error: 109: file z:/task_1568728986/build/src/ipc/chromium/src/chrome/common/ipc_channel_win.cc, line 341
Oct 08, 2019 16:36:57.51 [Child 3580, Chrome_ChildThr[GPU 1240, Chrome_ChildThread] WARNING: pipe error: 109: file z:/task_1568728986/build/src/ipc/chromium/src/chrome/common/ipc_channel_win.cc, line 341
Oct 08, 2019 16:36:57.57 
Oct 08, 2019 16:36:57.57 ###!!! [Parent][RunMessage] Error: Channel closing: too late to send/recv, messages will be lost
Oct 08, 2019 16:36:57.57 
Oct 08, 2019 16:36:57.73 
Oct 08, 2019 16:36:57.73 ###!!! [Child][MessageChannel::SendAndWait] Error: Channel error: cannot send/recv
Oct 08, 2019 16:36:57.73 

Oct 09, 2019 22:51:27.31 NEW SESSION
Oct 09, 2019 22:51:27.31 [Parent 3424, Gecko_IOThread] WARNING: pipe error: 109: file z:/task_1568728986/build/src/ipc/chromium/src/chrome/common/ipc_channel_win.cc, line 341
Oct 09, 2019 22:51:27.37 [Child 12572, Chrome_ChildThread] WARNING: pipe error: 109: file z:/task_1568728986/build/src/ipc/chromium/src/chrome/common/ipc_channel_win.cc, line 341
Oct 09, 2019 22:51:27.45 [Parent 3424, Gecko_IOThread] WARNING: pipe error: 109: file z:/task_1568728986/build/src/ipc/chromium/src/chrome/common/ipc_channel_win.cc, line 341
Oct 09, 2019 22:51:27.47 [Child 11736, Chrome_ChildThread] WARNING: pipe error: 109: file z:/task_1568728986/build/src/ipc/chromium/src/chrome/common/ipc_channel_win.cc, line 341
Oct 09, 2019 22:51:27.50 [Child 11736, Chrome_ChildThread] WARNING: pipe error: 109: file z:/task_1568728986/build/src/ipc/chromium/src/chrome/common/ipc_channel_win.cc, line 341
Oct 09, 2019 22:51:27.51 [Parent 3424, Gecko_IOThread] WARNING: pipe error: 109: file z:/task_1568728986/build/src/ipc/chromium/src/chrome/common/ipc_channel_win.cc, line 341
Oct 09, 2019 22:51:27.54 [Child 9496, Chrome_ChildThread] WARNING: pipe error: 109: file z:/task_1568728986/build/src/ipc/chromium/src/chrome/common/ipc_channel_win.cc, line 341
Oct 09, 2019 22:51:27.56 [Child 9496, Chrome_ChildThread] WARNING: pipe error: 109: file z:/task_1568728986/build/src/ipc[Parent 3424, Gecko_IOThread] WARNING: pipe error: 109: file z:/task_1568728986/build/src/ipc/chromium/src/chrome/common/ipc_channel_win.cc, line 341
Oct 09, 2019 22:51:27.56 [Child 9576, Chrome_ChildThread] WARNING: pipe error: 109: file z:/task_1568728986/build/src/ipc/chromium/src/chrome/common/ipc_channel_win.cc, line 341
Oct 09, 2019 22:51:27.81 [Child 2648, Chrome_ChildThread] WARNING: pipe error: 109: file z:/task_1568728986/build/src/ipc/chromium/src/chrome/common/ipc_channel_win.cc, line 341
Oct 09, 2019 22:51:28.13 
Oct 09, 2019 22:51:28.23 ###!!! [Child][RunMessage] Error: Channel closing: too late to send/recv, messages will be lost
Oct 09, 2019 22:51:28.24 
Oct 09, 2019 22:51:28.25 
Oct 09, 2019 22:51:28.25 ###!!! [Parent][RunMessage] Error: Channel closing: too late to send/recv, messages will be lost
Oct 09, 2019 22:51:28.26 
Oct 09, 2019 22:51:28.48 
Oct 09, 2019 22:51:28.49 ###!!! [Child][MessageChannel::SendAndWait] Error: Channel error: cannot send/recv
Oct 09, 2019 22:51:28.49 

Oct 13, 2019 16:21:06.90 NEW SESSION
Oct 13, 2019 16:21:06.90 [Parent 10880, Gecko_IOThread] WARNING: pipe error: 109: file z:/task_1568728986/build/src/ipc/chromium/src/chrome/common/ipc_channel_win.cc, line 341
Oct 13, 2019 16:21:07.23 [Child 12412, Chrome_ChildThread] WARNING: pipe error: 109: file z:/task_1568728986/build/src/ipc/chromium/src/chrome/common/ipc_channel_win.cc, line 341
Oct 13, 2019 16:22:45.26 [Child 12412, Chrome_ChildThread] WARNING: pipe error: 109: file z:/task_1568728986/build/src/ipc/chromium/src/chrome/common/ipc_chann[Child 13008, Chrome_ChildThread] WARNING: pipe error: 109: file z:/task_1568728986/build/src/ipc/chromium/src/chrome/common/ipc_channel_win.cc, line 341
Oct 13, 2019 16:22:45.26 [Child 13008, Chrome_ChildThread] WARNING: pipe error: 109: file z:/task_1568728986/build/src/ipc/chromium/src/chrome/common/ipc_channel_win.cc, line 341
Oct 13, 2019 16:23:57.94 [Parent 10880, Gecko_IOThread] WARNING: pipe error: 109: file z:/task_1568728986/build/src/ipc/chromium/src/chrome/common/ipc_channel_win.cc, line 341
Oct 13, 2019 16:23:57.94 [Child 9304, Chrome_ChildThread] WARNING: pipe error: 109: file z:/task_1568728986/build/src/ipc/chromium/src/chrome/common/ipc_channel_win.cc, line 341
Oct 13, 2019 16:29:53.43 [Child 9304, Chrome_ChildThread] WARNING: pipe error: 109: file z:/task_1568728986/build/src/ipc/chromium/src/chrome/common/ipc_cha[Parent 10880, Gecko_IOThread] WARNING: pipe error: 109: file z:/task_1568728986/build/src/ipc/chromium/src/chrome/common/ipc_channel_win.cc, line 341
Oct 13, 2019 16:29:53.43 [Child 14216, Chrome_ChildThread] WARNING: pipe error: 109: file z:/task_1568728986/build/src/ipc/chromium/src/chrome/common/ipc_channel_win.cc, line 341
Oct 13, 2019 16:29:53.43 [Child 14216, Chrome_ChildThread] WARNING: pipe error: 109: file z:/task_1568728986/build/src/ipc/chromium/src/chrome/common/ipc_channel_win.cc, line 341
Oct 13, 2019 16:29:56.89 [Parent 10880, Gecko_IOThread] WARNING: pipe error: 109: file z:/task_1568728986/build/src/ipc/chromium/src/chrome/common/ipc_channel_win.cc, line 341
Oct 13, 2019 16:29:56.92 [Child 11484, Chrome_ChildThread] WARNING: pipe error: 109: file z:/task_1568728986/build/src/ipc/chromium/src/chrome/common/ipc_channel_win.cc, line 341
Oct 13, 2019 16:29:56.94 [Child 11484, Chrome_ChildThread] WARNING: pipe error: 109: file z:/task_1568728986/build/src/ipc/chromium/src/chrome/common/ipc_channel_win.cc, line 341
Oct 13, 2019 16:29:57.06 [Child 8164, Chrome_ChildThread] WARNING: pipe error: 109: file z:/task_1568728986/build/src/ipc/chromium/src/chrome/common/ipc_channel_win.cc, line 341
Oct 13, 2019 16:29:57.06 [Child 8164, Chrome_ChildThread] WARNING: pipe error: 109: file z:/task_1568728986/build/src/ipc/chromium/src/chrome/common/ipc_channel_win.cc, line 341
Oct 13, 2019 16:29:57.06 
Oct 13, 2019 16:29:57.08 ###!!! [Child][RunMessage] Error: Channel closing: too late to send/recv, messages will be lost
Oct 13, 2019 16:29:57.08 
Oct 13, 2019 16:29:57.09 [Parent 10880, Gecko_IOThread] WARNING: pipe error: 109: file z:/task_1568728986/build/src/ipc/chromium/src/chrome/common/ipc_channel_win.cc, line 341
Oct 13, 2019 16:29:57.10 [Child 13940, Chrome_ChildThread] WARNING: pipe error: 109: file z:/task_1568728986/build/src/ipc/chromium/src/chrome/common/ipc_channel_win.cc, line 341
Oct 13, 2019 16:29:57.10 [Child 13940, Chrome_ChildThread] WARNING: pipe error: 109: file z:/task_1568728986/build/src/ipc/chromium/src/chrome/common/ipc_channel_win.cc, line 341
Oct 13, 2019 16:29:57.11 [Parent 10880, Gecko_IOThread] WARNING: pipe error: 109: file z:/task_1568728986/build/src/ipc/chromium/src/chrome/common/ipc_channel_win.cc, line 341
Oct 13, 2019 16:29:57.46 
Oct 13, 2019 16:29:57.47 ###!!! [Parent][RunMessage] Error: Channel closing: too late to send/recv, messages will be lost
Oct 13, 2019 16:29:57.47 
Oct 13, 2019 16:29:58.15 
Oct 13, 2019 16:29:58.16 ###!!! [Child][MessageChannel::SendAndWait] Error: Channel error: cannot send/recv
Oct 13, 2019 16:29:58.16 
Oct 13, 2019 20:33:30.03 [Parent 12992, Gecko_IOThread] WARNING: pipe error: 109: file z:/task_1570640083/build/src/ipc/chromium/src/chrome/common/ipc_channel_win.cc, line 341
Oct 13, 2019 20:33:32.12 [Child 6284, Chrome_ChildThread] WARNING: pipe error: 109: file z:/task_1570640083/build/src/ipc/chromium/src/chrome/common/ipc_channel_win.cc, line 341
Oct 13, 2019 20:33:32.12 [Parent 12992, Gecko_IOThread] WARNING: pipe error: 109: file z:/task_1570640083/build/src/ipc/chromium/src/chrome/common/ipc_channel_win.cc, line 341
Oct 13, 2019 20:33:32.12 [Child 6988, Chrome_ChildThread] WARNING: pipe error: 109: file z:/task_1570640083/build/src/ipc/chromium/src/chrome/common/ipc_channel_win.cc, line 341
Oct 13, 2019 20:33:32.12 [Child 6988, Chrom[Child 10236, Chrome_ChildThread] WARNING: pipe error: 109: file z:/task_1570640083/build/src/ipc/chromium/src/chrome/common/ipc_channel_win.cc, line 341
Oct 13, 2019 20:33:32.13 [Child 10236, Chrome_ChildThread] WARNING: pipe error: 109: file z:/task_1570640083/build/src/ipc/chromium/src/chrome/common/ipc_channel_win.cc, line 341
Oct 13, 2019 20:33:32.13 
Oct 13, 2019 20:33:32.13 ###!!! [Parent][RunMessage] Error: Channel closing: too late to send/recv, messages will be lost
Oct 13, 2019 20:33:32.14 
Oct 13, 2019 20:33:32.15 
Oct 13, 2019 20:33:32.15 ###!!! [Child][MessageChannel::SendAndWait] Error: Channel error: cannot send/recv
Oct 13, 2019 20:33:32.15 
Oct 13, 2019 21:18:34.01 [Parent 14920, Gecko_IOThread] WARNING: pipe error: 109: file z:/task_1570640083/build/src/ipc/chromium/src/chrome/common/ipc_channel_win.cc, line 341
Oct 13, 2019 21:18:34.02 [Child 11948, Chrome_ChildThread] WARNING: pipe error: 109: file z:/task_1570640083/build/src/ipc/chromium/src/chrome/common/ipc_channel_win.cc, line 341
Oct 13, 2019 21:18:34.07 [Child 11948, Chrome_ChildThread] WARNING: pipe error: 109: file z:[Child 12364, Chrome_ChildThread] WARNING: pipe error: 109: file[Parent 14920, Gecko_IOThread] WARNING: pipe error: 109: file z:/task_1570640083/build/src/ipc/chromium/src/chrome/common/ipc_channel_win.cc, line 341
Oct 13, 2019 21:18:34.11  z:/task_1570640083/build/src/ipc/chromium/src/chrome/common/ipc_channel_win.cc, line 341
Oct 13, 2019 21:18:34.23 [Ch
Oct 13, 2019 21:18:34.25 ###!!! [Child][RunMessage] Error: Channel closing: too late to send/recv, messages will be lost
Oct 13, 2019 21:18:34.25 
Oct 13, 2019 21:18:34.25 [GPU 6620, Chrome_ChildThread] WARNING: pipe error: 109: file z:/task_1570640083/build/src/ipc/chromium/src/chrome/common/ipc_channel_win.cc, line 341
Oct 13, 2019 21:18:34.25 
Oct 13, 2019 21:18:34.26 ###!!! [Parent][RunMessage] Error: Channel closing: too late to send/recv, messages will be lost
Oct 13, 2019 21:18:34.26 
Oct 13, 2019 21:18:34.29 
Oct 13, 2019 21:18:34.29 ###!!! [Child][MessageChannel::SendAndWait] Error: Channel error: cannot send/recv
Oct 13, 2019 21:18:34.30 

Oct 20, 2019 17:48:57.67 NEW SESSION
Oct 20, 2019 17:48:57.67 [Child 16296, Chrome_ChildThread] WARNING: pipe error: 109: file z:/task_1570640083/build/src/ipc/chromium/src/chrome/common/ipc_channel_win.cc, line 341
Oct 20, 2019 17:48:57.73 [Child 16296, Chrome_ChildThread] WARNING: pipe error: 109: file z:/task_1570640083/build/src/ipc/chromium/src/chrome/common/ipc_channel_win.cc, line 341
Oct 20, 2019 21:58:43.84 [Parent 17676, Gecko_IOThread] WARNING: pipe error: 109: file z:/task_1570640083/build/src/ipc/chromium/src/chrome/common/ipc_channel_win.cc, line 341
Oct 20, 2019 21:58:43.85 [Child 10400, Chrome_ChildThread] WARNING: pipe error: 109: file z:/task_1570640083/build/src/ipc/chromium/src/chrome/common/ipc_channel_win.cc, line 341
Oct 20, 2019 22:00:02.61 [Child 10400, Chrome_ChildThread] WIPDL protocol error: Handler returned error code!
Oct 20, 2019 22:00:02.62 
Oct 20, 2019 22:00:02.62 ###!!! [Parent][DispatchAsyncMessage] Error: PAPZCTreeManager::Msg_SetTargetAPZC Processing error: message was deserialized, but the handler returned false (indicating failure)
Oct 20, 2019 22:00:02.62 
Oct 20, 2019 22:00:02.97 IPDL protocol error: Handler returned error code!
Oct 20, 2019 22:00:02.97 
Oct 20, 2019 22:00:02.97 ###!!! [Parent][DispatchAsyncMessage] Error: PAPZCTreeManager::Msg_SetTargetAPZC Processing error: message was deserialized, but the handler returned false (indicating failure)
Oct 20, 2019 22:00:02.97 
Oct 20, 2019 22:04:05.85 [Child 12672, Chrome_ChildThread] WARNING: pipe error: 109: file z:/task_1570640083/build/src/ipc/chromium/src/chrome/common/ipc_channel_win.cc, line 341
Oct 20, 2019 22:04:05.85 [Child 12672, Chrome_ChildThread] WARNING: pipe error: 109: file z:/task_1570640083/build/src/ipc/chromium/src/chrome/common/ipc_channel_win.cc, line 341
Oct 20, 2019 22:04:06.43 [Parent 17676, Gecko_IOThread] WARNING: pipe error: 109: file z:/task_1570640083/build/src/ipc/chromium/src/chrome/common/ipc_channel_win.cc, line 341
Oct 20, 2019 22:04:07.00 [Parent 17676, Gecko_IOThread] WARNING: pipe error: 109: file z:/task_1570640083/build/src/ipc/chromium/src/chrome/common/ipc_channel_win.cc, line 341
Oct 20, 2019 22:04:07.00 [Child 10100, Chrome_ChildThread] WARNING: pipe error: 109: file z:/task_1570640083/build/src/ipc/chromium/src/chrome/common/ipc_channel_win.cc, line 341

Oct 21, 2019 16:41:28.56 NEW SESSION
Oct 21, 2019 16:41:28.56 [Parent 6884, Gecko_IOThread] WARNING: pipe error: 109: file z:/task_1570640083/build/src/ipc/chromium/src/chrome/common/ipc_channel_win.cc, line 341
Oct 21, 2019 16:41:28.58 [Child 9952, Chrome_ChildThread] WARNING: pipe error: 109: file z:/task_1570640083/build/src/ipc/chromium/src/chrome/common/ipc_channel_win.cc, line 341
Oct 21, 2019 16:41:28.58 [Child 9952, Chrome_ChildThread] WARNING: pipe error: 109: file z:/task_1570640083/build/src/ipc/chromium/src/chrome/common/ipc_channel_win.cc, line 341
Oct 21, 2019 17:05:02.38 [Child 8052, Chrome_ChildThread] WARNING: pipe error: 109: file z:/task_1570640083/build/src/ipc/chromium/src/chrome/common/ipc_channel_win.cc, line 341
Oct 21, 2019 17:05:02.38 [Child 8052, Chrome_ChildThread] WARNING: pipe error: 109: file z:/task_1570640083/build/src/ipc/chromium/src/chrome/common/ipc_channel_win.cc, line 341
Oct 21, 2019 17:23:17.55 [Child 10904, Chrome_ChildThread] WARNING: pipe error: 109: file z:/task_1570640083/build/src/ipc/chromium/src/chrome/common/ipc_channel_win.cc, line 341
Oct 21, 2019 17:23:17.56 [Child 10904, Chrome_ChildThread] WARNING: pipe error: 109: file z:/task_1570640083/build/src/ipc/chromium/src/chrome/common/ipc_channel_win.cc, line 341
Oct 21, 2019 17:27:50.91 [Child 6012, Chrome_ChildThread] WARNING: pipe error: 109: file z:/task_1570640083/build/src/ipc/chromium/src/chrome/common/ipc_channel_win.cc, line 341
Oct 21, 2019 17:27:52.18 [Child 6012, Chrome_ChildThread] WARNING: pi[Child 7428, Chrome_ChildThread] WARNING: pipe error: 109: file z:/task_1570640083/build/src/ipc/chromium/src/chrome/common/ipc_channel_win.cc, line 341
Oct 21, 2019 17:27:52.19 [Child 7428, Chrome_ChildThread] WARNING: pipe error: 109: file z:/task_1570640083/build/src/ipc/chromium/src/chrome/common/ipc_channel_win.cc, line 341
Oct 21, 2019 17:27:52.86 [Child 11896, Chrome_ChildThread] WARNING: pipe error: 109: file z:/task_1570640083/build/src/ipc/chromium/src/chrome/common/ipc_channel_win.cc, line 341
Oct 21, 2019 17:27:55.43 [Child 1[Child 10684, Chrome_ChildThread] WARNING: pi[Parent 6884, Gecko_IOThread] WARNING: pipe error: 109: file z:/task_1570640083/build/src/ipc/chromium/src/chrome/common/ipc_channel_win.cc, line 341
Oct 21, 2019 17:27:55.44 [Parent 6884, Gecko_IOThread] WARNING: pipe error: 109: file z:/task_1570640083/build/src/ipc/chromium/src/chrome/common/ipc_channel_win.cc, line 341
Oct 21, 2019 17:27:55.47 [Child 10152, Chrome_ChildThread] WARNING: pipe error: 109:[Child 1028, Chrome_ChildThread] WARNING: pipe error: 109: file z:/task_1570640083/build/src/ipc/chromium/src/chrome/common/ipc_channel_win.cc, line 341
Oct 21, 2019 17:27:55.59 [Child 3908, Chrome_ChildThread] WARNING: pipe error: 109: file z:/task_1570640083/build/src/ipc/chromium/src/chrome/common/ipc_channel_win.cc, line 341
Oct 21, 2019 17:27:55.59 [Child 3908, Chrome_ChildThread] WARNING: pipe error: 109: file z:/task_1570640083/build/src/ipc/chromium/src/chrome/common/ipc_channel_win.cc, line 341
Oct 21, 2019 17:27:55.60  file z:/task_1570640083/build/src/ipc/chromium/src/chrome/common/ipc_channel_win.cc, line 341
Oct 21, 2019 17:27:55.71 [Child 10152, Chrome_ChildThread] WARNING
Oct 21, 2019 17:27:55.72 ###!!! [Child][RunMessage] Error: Channel closing: too late to send/recv, messages will be lost
Oct 21, 2019 17:27:55.72 
Oct 21, 2019 17:27:55.72 [GPU 11444, Chrome_ChildThread] WARNING: pipe error: 109: file z:/task_1570640083/build/src/ipc/chromium/src/chrome/common/ipc_channel_win.cc, line 341
Oct 21, 2019 17:27:55.75 
Oct 21, 2019 17:27:55.75 ###!!! [Parent][RunMessage] Error: Channel closing: too late to send/recv, messages will be lost
Oct 21, 2019 17:27:55.76 
Oct 21, 2019 17:27:55.79 
Oct 21, 2019 17:27:55.79 ###!!! [Child][MessageChannel::SendAndWait] Error: Channel error: cannot send/recv
Oct 21, 2019 17:27:55.79 
Oct 21, 2019 21:23:22.37 [Parent 12848, Gecko_IOThread] WARNING: pipe error: 109: file z:/task_1570640083/build/src/ipc/chromium/src/chrome/common/ipc_channel_win.cc, line 341
Oct 21, 2019 21:23:22.38 [Child 12648, Chrome_ChildThread] WARNING: pipe error: 109: file z:/task_1570640083/build/src/ipc/chromium/src/chrome/common/ipc_channel_win.cc, line 341
Oct 21, 2019 21:25:24.45 [Child 12648,[Parent 12848, Gecko_IOThread] WARNING: pipe error: 109: file z:/task_1570640083/build/src/ipc/chromium/src/chrome/common/ipc_channel_win.cc, line 341
Oct 21, 2019 21:25:24.46 [Child 120, Chrome_ChildThread] WARNING: pipe error: 109: file z:/task_1570640083/build/src/ipc/chromium/src/chrome/common/ipc_channel_win.cc, line 341
Oct 21, 2019 21:34:22.04 [Child 120, Chrome_ChildThread] WARNIN[Parent 12848, Gecko_IOThread] WARNING: pipe error: 109: file z:/task_1570640083/build/src/ipc/chromium/src/chrome/common/ipc_channel_win.cc, line 341
Oct 21, 2019 21:34:22.05 [Child 12744, Chrome_ChildThread] WARNING: pipe error: 109: file z:/task_1570640083/build/src/ipc/chromium/src/chrome/common/ipc_channel_win.cc, line 341
Oct 21, 2019 21:34:22.05 [Child 12744, Chrome_ChildThread] WARNING: pipe error: 109: file z:/task_1570640083/build/src/ipc/chromium/src/chrome/common/ipc_channel_win.cc, line 341
Oct 21, 2019 23:01:27.59 [Parent 12848, Gecko_IOThread] WARNING: pipe error: 109: file z:/task_1570640083/build/src/ipc/chromium/src/chrome/common/ipc_channel_win.cc, line 341
Oct 21, 2019 23:01:27.64 [Child 6172, Chrome_ChildThread] WARNING: pipe error: 109: file z:/task_1570640083/build/src/ipc/chromium/src/chrome/common/ipc_channel_win.cc, line 341
Oct 21, 2019 23:01:27.64 [Child 6172[Child 13068, Chrome_ChildThread] WARNING: pipe error: 109: file z:/task_1570640083/build/src/ipc/chromium/src/chrome/common/ipc_channel_win.cc, line 341
Oct 21, 2019 23:01:27.64 [Child 13068, Chrome_ChildThread] WARNING: pipe error: 109: file z:/task_1570640083/build/src/ipc/chromium/src/chrome/common/ipc_channel_win.cc, line 341
Oct 21, 2019 23:01:27.65 [Parent 12848, Gecko_IOThread] WARNING: pipe error: 109: file z:/task_1570640083/build/src/ipc/chromium/src/chrome/common/ipc_channel_win.cc, line 341
Oct 21, 2019 23:01:27.65 [Child 11684, Chrome_ChildThread] WARNING: pipe error: 109: file z:/task_1570640083/build/src/ipc/chromium/src/chrome/common/ipc_channel_win.cc, line 341
Oct 21, 2019 23:01:27.65 [Child 11684, Chrome_ChildThread] WARNING: pipe error: 109: file z:/task_1570640083/build/src/ipc/chromium/src/chrome/common/ipc_channel_win.cc, line 341
Oct 21, 2019 23:01:27.65 [Child 6796, Chrome_ChildThread] WARNING: pipe error: 109: file z:/task_1570640083/build/src/ipc/chromium/src/chrome/common/ipc_channel_win.cc, line 341
Oct 21, 2019 23:01:27.66 [Child 6796, Chrome_ChildThread] WARNING: pipe error: 109: file z:/task_1570640083/build/src/ipc/chromium/src/chrome/common/ipc_channel_win.cc, line 341
Oct 21, 2019 23:01:27.70 [Parent 12848, Gecko_IOThread] WARNING: pipe error: 109: file z:/task_1570640083/build/src/ipc/chromium/src/chrome/common/ipc_channel_win.cc, line 341
Oct 21, 2019 23:01:27.70 [Child 472, Chrome_ChildThread] WARNING: pipe error: 109: file z:/task_1570640083/build/src/ipc/chromium/src/chrome/common/ipc_channel_win.cc, line 341
Oct 21, 2019 23:01:27.80 [Child 472, Chrome_ChildThread] WARNING: pipe error: 109:[Child 11868, Chrome_ChildThread] WARNING: pipe error: 109: file z:/task_1570640083/build/src/ipc/chromium/src/chrome/common/ipc_channel_win.cc, line 341
Oct 21, 2019 23:01:27.84 [Child 11868, Chrome_ChildThread] WARNING: pipe error: 109: file z:/task_1570640083/build/src/ipc/chromium/src/chrome/common/ipc_channel_win.cc, line 341
Oct 21, 2019 23:01:27.85 [Parent 12848, Gecko_IOThread] WARNING: pipe error: 109: file z:/task_1570640083/build/src/ipc/chromium/src/chrome/common/ipc_channel_win.cc, line 341
Oct 21, 2019 23:01:27.87 [Child 12428, Chrome_ChildThread] WARNING: pipe error: 109: file z:/task_1570640083/build/src/ipc/chromium/src/chrome/common/ipc_channel_win.cc, line 341
Oct 21, 2019 23:01:27.87 [Child 12428, Chrome_ChildThread] WARNING: pipe error: 109: file z:/task_1570640083/build/src/ipc/chromium/src/chrome/common/ipc_channel_win.cc, line 341
Oct 21, 2019 23:01:28.28 
Oct 21, 2019 23:01:28.32 ###!!! [Child][RunMessage] Error: Channel closing: too late to send/recv, messages will be lost
Oct 21, 2019 23:01:28.32 
Oct 21, 2019 23:01:28.33 [GPU 3456, Chrome_ChildThread] WARNING: pipe error: 109: file z:/task_1570640083/build/src/ipc/chromium/src/chrome/common/ipc_channel_win.cc, line 341
Oct 21, 2019 23:01:28.37 
Oct 21, 2019 23:01:28.37 ###!!! [Parent][RunMessage] Error: Channel closing: too late to send/recv, messages will be lost
Oct 21, 2019 23:01:28.37 
Oct 21, 2019 23:01:28.37 
Oct 21, 2019 23:01:28.37 ###!!! [Child][MessageChannel::SendAndWait] Error: Channel error: cannot send/recv
Oct 21, 2019 23:01:28.37 

Oct 23, 2019 21:23:45.21 NEW SESSION
Oct 23, 2019 21:23:45.21 [Parent 5584, Gecko_IOThread] WARNING: pipe error: 109: file z:/task_1570640083/build/src/ipc/chromium/src/chrome/common/ipc_channel_win.cc, line 341
Oct 23, 2019 21:23:45.56 [Child 6192, Chrome_ChildThread] WARNING: pipe error: 109: file z:/task_1570640083/build/src/ipc/chromium/src/chrome/common/ipc_channel_win.cc, line 341

Oct 24, 2019 20:52:19.33 NEW SESSION
Oct 24, 2019 20:52:19.33 IPDL protocol error: Handler returned error code!
Oct 24, 2019 20:52:19.68 
Oct 24, 2019 20:52:19.68 ###!!! [Parent][DispatchAsyncMessage] Error: PAPZCTreeManager::Msg_SetTargetAPZC Processing error: message was deserialized, but the handler returned false (indicating failure)
Oct 24, 2019 20:52:19.69 
Oct 24, 2019 20:52:19.99 IPDL protocol error: Handler returned error code!
Oct 24, 2019 20:52:20.00 
Oct 24, 2019 20:52:20.00 ###!!! [Parent][DispatchAsyncMessage] Error: PAPZCTreeManager::Msg_SetTargetAPZC Processing error: message was deserialized, but the handler returned false (indicating failure)
Oct 24, 2019 20:52:20.00 
Oct 24, 2019 20:52:26.37 IPDL protocol error: Handler returned error code!
Oct 24, 2019 20:52:26.38 
Oct 24, 2019 20:52:26.38 ###!!! [Parent][DispatchAsyncMessage] Error: PAPZCTreeManager::Msg_SetTargetAPZC Processing error: message was deserialized, but the handler returned false (indicating failure)
Oct 24, 2019 20:52:26.38 
Oct 24, 2019 21:57:11.46 IPDL protocol error: Handler returned error code!
Oct 24, 2019 21:57:11.47 
Oct 24, 2019 21:57:11.47 ###!!! [Parent][DispatchAsyncMessage] Error: PAPZCTreeManager::Msg_SetTargetAPZC Processing error: message was deserialized, but the handler returned false (indicating failure)
Oct 24, 2019 21:57:11.47 
Oct 24, 2019 21:57:17.92 IPDL protocol error: Handler returned error code!
Oct 24, 2019 21:57:17.92 
Oct 24, 2019 21:57:17.92 ###!!! [Parent][DispatchAsyncMessage] Error: PAPZCTreeManager::Msg_SetTargetAPZC Processing error: message was deserialized, but the handler returned false (indicating failure)
Oct 24, 2019 21:57:17.93 
Oct 24, 2019 21:57:38.95 IPDL protocol error: Handler returned error code!
Oct 24, 2019 21:57:38.97 
Oct 24, 2019 21:57:38.97 ###!!! [Parent][DispatchAsyncMessage] Error: PAPZCTreeManager::Msg_SetTargetAPZC Processing error: message was deserialized, but the handler returned false (indicating failure)
Oct 24, 2019 21:57:38.97 
Oct 24, 2019 21:57:50.40 IPDL protocol error: Handler returned error code!
Oct 24, 2019 21:57:50.40 
Oct 24, 2019 21:57:50.41 ###!!! [Parent][DispatchAsyncMessage] Error: PAPZCTreeManager::Msg_SetTargetAPZC Processing error: message was deserialized, but the handler returned false (indicating failure)
Oct 24, 2019 21:57:50.41 
Oct 24, 2019 22:07:24.53 IPDL protocol error: Handler returned error code!
Oct 24, 2019 22:07:24.53 
Oct 24, 2019 22:07:24.53 ###!!! [Parent][DispatchAsyncMessage] Error: PAPZCTreeManager::Msg_SetTargetAPZC Processing error: message was deserialized, but the handler returned false (indicating failure)
Oct 24, 2019 22:07:24.53 
Oct 24, 2019 22:07:33.95 IPDL protocol error: Handler returned error code!
Oct 24, 2019 22:07:33.95 
Oct 24, 2019 22:07:33.95 ###!!! [Parent][DispatchAsyncMessage] Error: PAPZCTreeManager::Msg_SetTargetAPZC Processing error: message was deserialized, but the handler returned false (indicating failure)
Oct 24, 2019 22:07:33.95 
Oct 24, 2019 22:07:34.82 IPDL protocol error: Handler returned error code!
Oct 24, 2019 22:07:34.82 
Oct 24, 2019 22:07:34.82 ###!!! [Parent][DispatchAsyncMessage] Error: PAPZCTreeManager::Msg_SetTargetAPZC Processing error: message was deserialized, but the handler returned false (indicating failure)
Oct 24, 2019 22:07:34.82 
Oct 24, 2019 22:08:12.45 [Parent 7992, Gecko_IOThread] WARNING: pipe error: 109: file z:/task_1570640083/build/src/ipc/chromium/src/chrome/common/ipc_channel_win.cc, line 341
Oct 24, 2019 22:08:12.46 [Child 3268, Chrome_ChildThread] WARNING: pipe error: 109: file z:/task_1570640083/build/src/ipc/chromium/src/chrome/common/ipc_channel_win.cc, line 341
Oct 24, 2019 22:08:12.46 [Child 3268, Chrome_ChildThread] WARNING: pipe error: 109: file z:/task_1570640083/build/src/ipc/chromium/src/chrome/common/ipc_channel_win.cc, line 341
Oct 24, 2019 22:08:13.03 [Child 10508, Chrome_ChildThread] WARNING: pipe error: 109: file z:/task_1570640083/build/src/ipc/chromium/src/chrome/common/ipc_channel_win.cc, line 341
Oct 24, 2019 22:09:12.43 IPDL protocol error: Handler returned error code!
Oct 24, 2019 22:09:12.43 
Oct 24, 2019 22:09:12.43 ###!!! [Parent][DispatchAsyncMessage] Error: PAPZCTreeManager::Msg_SetTargetAPZC Processing error: message was deserialized, but the handler returned false (indicating failure)
Oct 24, 2019 22:09:12.44 
Oct 24, 2019 22:09:13.27 IPDL protocol error: Handler returned error code!
Oct 24, 2019 22:09:13.28 
Oct 24, 2019 22:09:13.28 ###!!! [Parent][DispatchAsyncMessage] Error: PAPZCTreeManager::Msg_SetTargetAPZC Processing error: message was deserialized, but the handler returned false (indicating failure)
Oct 24, 2019 22:09:13.28 
Oct 24, 2019 22:09:23.22 [Parent 7992, Gecko_IOThread] WARNING: pipe error: 109: file z:/task_1570640083/build/src/ipc/chromium/src/chrome/common/ipc_channel_win.cc, line 341
Oct 24, 2019 22:09:23.22 [Child 2684, Chrome_ChildThread] WARNING: pipe error: 109: file z:/task_1570640083/build/src/ipc/chromium/src/chrome/common/ipc_channel_win.cc, line 341
Oct 24, 2019 22:39:29.12 [Child 2684, Chrome_ChildThread] WARNING: pipe error: 109: file z:/IPDL protocol error: Handler returned error code!
Oct 24, 2019 22:39:29.13 
Oct 24, 2019 22:39:29.13 ###!!! [Parent][DispatchAsyncMessage] Error: PAPZCTreeManager::Msg_SetTargetAPZC Processing error: message was deserialized, but the handler returned false (indicating failure)
Oct 24, 2019 22:39:29.13 
Oct 24, 2019 23:15:21.72 IPDL protocol error: Handler returned error code!
Oct 24, 2019 23:15:21.72 
Oct 24, 2019 23:15:21.72 ###!!! [Parent][DispatchAsyncMessage] Error: PAPZCTreeManager::Msg_SetTargetAPZC Processing error: message was deserialized, but the handler returned false (indicating failure)
Oct 24, 2019 23:15:21.73 
Oct 24, 2019 23:15:24.15 IPDL protocol error: Handler returned error code!
Oct 24, 2019 23:15:24.15 
Oct 24, 2019 23:15:24.16 ###!!! [Parent][DispatchAsyncMessage] Error: PAPZCTreeManager::Msg_SetTargetAPZC Processing error: message was deserialized, but the handler returned false (indicating failure)
Oct 24, 2019 23:15:24.16 
Oct 24, 2019 23:25:21.46 [Parent 7992, Gecko_IOThread] WARNING: pipe error: 109: file z:/task_1570640083/build/src/ipc/chromium/src/chrome/common/ipc_channel_win.cc, line 341
Oct 24, 2019 23:25:21.46 [Child 4300, Chrome_ChildThread] WARNING: pipe error: 109: file z:/task_1570640083/build/src/ipc/chromium/src/chrome/common/ipc_channel_win.cc, line 341
Oct 25, 2019 24:45:19.30 [Child 4300, Chrome_ChildThread] WARNING: pipe error: 109: file z:/[Parent 7992, Gecko_IOThread] WARNING: pipe error: 109: file z:/task_1570640083/build/src/ipc/chromium/src/chrome/common/ipc_channel_win.cc, line 341
Oct 25, 2019 24:45:19.31 [Child 10996, Chrome_ChildThread] WARNING: pipe error: 109: file z:/task_1570640083/build/src/ipc/chromium/src/chrome/common/ipc_channel_win.cc, line 341
Oct 25, 2019 24:45:19.36 [Child 10996, Chrome_ChildThread] WARNING: pipe error: 109: file z:/task_1570640083/build/src/ipc/chr[Child 1152, Chrome_ChildThread] WARNING: pipe error: 109: file z:/task_1570640083/build/src/ipc/chromium/src/chrome/common/ipc_channel_win.cc, line 341
Oct 25, 2019 24:45:19.36 [Parent 7992, Gecko_IOThread] WARNING: pipe error: 109: file z:/task_1570640083/build/src/ipc/chromium/src/chrome/common/ipc_channel_win.cc, line 341
Oct 25, 2019 24:45:19.52 [Child 6740, Chrome_ChildThread] WARNI
Oct 25, 2019 24:45:19.53 ###!!! [Child][RunMessage] Error: Channel closing: too late to send/recv, messages will be lost
Oct 25, 2019 24:45:19.53 
Oct 25, 2019 24:45:19.53 [GPU 2716, Chrome_ChildThread] WARNING: pipe error: 109: file z:/task_1570640083/build/src/ipc/chromium/src/chrome/common/ipc_channel_win.cc, line 341
Oct 25, 2019 24:45:19.55 
Oct 25, 2019 24:45:19.55 ###!!! [Parent][RunMessage] Error: Channel closing: too late to send/recv, messages will be lost
Oct 25, 2019 24:45:19.55 
Oct 25, 2019 24:45:19.56 
Oct 25, 2019 24:45:19.56 ###!!! [Child][MessageChannel::SendAndWait] Error: Channel error: cannot send/recv
Oct 25, 2019 24:45:19.58 
Oct 25, 2019 24:45:19.58 [Parent 7992, Gecko_IOThread] WARNING: pipe error: 232: file z:/task_1570640083/build/src/ipc/chromium/src/chrome/common/ipc_channel_win.cc, line 502

Oct 26, 2019 10:35:40.47 NEW SESSION
Oct 26, 2019 10:35:40.47 IPDL protocol error: Handler returned error code!
Oct 26, 2019 10:35:40.53 
Oct 26, 2019 10:35:40.53 ###!!! [Parent][DispatchAsyncMessage] Error: PAPZCTreeManager::Msg_SetTargetAPZC Processing error: message was deserialized, but the handler returned false (indicating failure)
Oct 26, 2019 10:35:40.53 
Oct 26, 2019 10:36:04.55 IPDL protocol error: Handler returned error code!
Oct 26, 2019 10:36:04.55 
Oct 26, 2019 10:36:04.55 ###!!! [Parent][DispatchAsyncMessage] Error: PAPZCTreeManager::Msg_SetTargetAPZC Processing error: message was deserialized, but the handler returned false (indicating failure)
Oct 26, 2019 10:36:04.56 
Oct 26, 2019 13:28:45.15 IPDL protocol error: Handler returned error code!
Oct 26, 2019 13:28:45.16 
Oct 26, 2019 13:28:45.17 ###!!! [Parent][DispatchAsyncMessage] Error: PAPZCTreeManager::Msg_SetTargetAPZC Processing error: message was deserialized, but the handler returned false (indicating failure)
Oct 26, 2019 13:28:45.17 
Oct 26, 2019 13:29:45.91 IPDL protocol error: Handler returned error code!
Oct 26, 2019 13:29:45.91 
Oct 26, 2019 13:29:45.92 ###!!! [Parent][DispatchAsyncMessage] Error: PAPZCTreeManager::Msg_SetTargetAPZC Processing error: message was deserialized, but the handler returned false (indicating failure)
Oct 26, 2019 13:29:45.92 
Oct 26, 2019 13:29:47.68 IPDL protocol error: Handler returned error code!
Oct 26, 2019 13:29:47.69 
Oct 26, 2019 13:29:47.69 ###!!! [Parent][DispatchAsyncMessage] Error: PAPZCTreeManager::Msg_SetTargetAPZC Processing error: message was deserialized, but the handler returned false (indicating failure)
Oct 26, 2019 13:29:47.69 
Oct 26, 2019 13:34:41.19 [Parent 9772, Gecko_IOThread] WARNING: pipe error: 109: file z:/task_1570640083/build/src/ipc/chromium/src/chrome/common/ipc_channel_win.cc, line 341
Oct 26, 2019 13:34:41.20 [Child 1784, Chrome_ChildThread] WARNING: pipe error: 109: file z:/task_1570640083/build/src/ipc/chromium/src/chrome/common/ipc_channel_win.cc, line 341
Oct 26, 2019 13:38:09.59 [Child 1784, Chrome_ChildThreadIPDL protocol error: Handler returned error code!
Oct 26, 2019 13:38:09.59 
Oct 26, 2019 13:38:09.59 ###!!! [Parent][DispatchAsyncMessage] Error: PAPZCTreeManager::Msg_SetTargetAPZC Processing error: message was deserialized, but the handler returned false (indicating failure)
Oct 26, 2019 13:38:09.60 
Oct 26, 2019 13:39:15.90 [Parent 9772, Gecko_IOThread] WARNING: pipe error: 109: file z:/task_1570640083/build/src/ipc/chromium/src/chrome/common/ipc_channel_win.cc, line 341
Oct 26, 2019 13:39:15.90 [Child 11572, Chrome_ChildThread] WARNING: pipe error: 109: file z:/task_1570640083/build/src/ipc/chromium/src/chrome/common/ipc_channel_win.cc, line 341
Oct 26, 2019 13:45:52.58 [Child 11572, Chrome_ChildThread] WARNING: pipe error: 109: file z:/task_1570640083/build/src/ipc/chromiIPDL protocol error: Handler returned error code!
Oct 26, 2019 13:45:52.59 
Oct 26, 2019 13:45:52.59 ###!!! [Parent][DispatchAsyncMessage] Error: PAPZCTreeManager::Msg_SetTargetAPZC Processing error: message was deserialized, but the handler returned false (indicating failure)
Oct 26, 2019 13:45:52.59 
Oct 26, 2019 13:45:53.69 IPDL protocol error: Handler returned error code!
Oct 26, 2019 13:45:53.69 
Oct 26, 2019 13:45:53.69 ###!!! [Parent][DispatchAsyncMessage] Error: PAPZCTreeManager::Msg_SetTargetAPZC Processing error: message was deserialized, but the handler returned false (indicating failure)
Oct 26, 2019 13:45:53.69 
Oct 26, 2019 13:45:54.16 IPDL protocol error: Handler returned error code!
Oct 26, 2019 13:45:54.16 
Oct 26, 2019 13:45:54.16 ###!!! [Parent][DispatchAsyncMessage] Error: PAPZCTreeManager::Msg_SetTargetAPZC Processing error: message was deserialized, but the handler returned false (indicating failure)
Oct 26, 2019 13:45:54.17 
Oct 26, 2019 13:46:14.35 IPDL protocol error: Handler returned error code!
Oct 26, 2019 13:46:14.35 
Oct 26, 2019 13:46:14.35 ###!!! [Parent][DispatchAsyncMessage] Error: PAPZCTreeManager::Msg_SetTargetAPZC Processing error: message was deserialized, but the handler returned false (indicating failure)
Oct 26, 2019 13:46:14.36 
Oct 26, 2019 13:46:31.09 IPDL protocol error: Handler returned error code!
Oct 26, 2019 13:46:31.11 
Oct 26, 2019 13:46:31.12 ###!!! [Parent][DispatchAsyncMessage] Error: PAPZCTreeManager::Msg_SetTargetAPZC Processing error: message was deserialized, but the handler returned false (indicating failure)
Oct 26, 2019 13:46:31.12 
Oct 26, 2019 13:46:31.81 IPDL protocol error: Handler returned error code!
Oct 26, 2019 13:46:31.84 
Oct 26, 2019 13:46:31.84 ###!!! [Parent][DispatchAsyncMessage] Error: PAPZCTreeManager::Msg_SetTargetAPZC Processing error: message was deserialized, but the handler returned false (indicating failure)
Oct 26, 2019 13:46:31.84 
Oct 26, 2019 13:46:36.34 IPDL protocol error: Handler returned error code!
Oct 26, 2019 13:46:36.34 
Oct 26, 2019 13:46:36.35 ###!!! [Parent][DispatchAsyncMessage] Error: PAPZCTreeManager::Msg_SetTargetAPZC Processing error: message was deserialized, but the handler returned false (indicating failure)
Oct 26, 2019 13:46:36.35 
Oct 26, 2019 13:46:41.51 IPDL protocol error: Handler returned error code!
Oct 26, 2019 13:46:41.51 
Oct 26, 2019 13:46:41.51 ###!!! [Parent][DispatchAsyncMessage] Error: PAPZCTreeManager::Msg_SetTargetAPZC Processing error: message was deserialized, but the handler returned false (indicating failure)
Oct 26, 2019 13:46:41.51 
Oct 26, 2019 13:49:18.49 IPDL protocol error: Handler returned error code!
Oct 26, 2019 13:49:18.50 
Oct 26, 2019 13:49:18.50 ###!!! [Parent][DispatchAsyncMessage] Error: PAPZCTreeManager::Msg_SetTargetAPZC Processing error: message was deserialized, but the handler returned false (indicating failure)
Oct 26, 2019 13:49:18.50 
Oct 26, 2019 13:49:20.14 IPDL protocol error: Handler returned error code!
Oct 26, 2019 13:49:20.14 
Oct 26, 2019 13:49:20.15 ###!!! [Parent][DispatchAsyncMessage] Error: PAPZCTreeManager::Msg_SetTargetAPZC Processing error: message was deserialized, but the handler returned false (indicating failure)
Oct 26, 2019 13:49:20.15 
Oct 26, 2019 13:49:36.94 IPDL protocol error: Handler returned error code!
Oct 26, 2019 13:49:36.95 
Oct 26, 2019 13:49:36.95 ###!!! [Parent][DispatchAsyncMessage] Error: PAPZCTreeManager::Msg_SetTargetAPZC Processing error: message was deserialized, but the handler returned false (indicating failure)
Oct 26, 2019 13:49:36.95 
Oct 26, 2019 13:54:54.54 IPDL protocol error: Handler returned error code!
Oct 26, 2019 13:54:54.54 
Oct 26, 2019 13:54:54.54 ###!!! [Parent][DispatchAsyncMessage] Error: PAPZCTreeManager::Msg_SetTargetAPZC Processing error: message was deserialized, but the handler returned false (indicating failure)
Oct 26, 2019 13:54:54.54 
Oct 26, 2019 13:55:11.68 IPDL protocol error: Handler returned error code!
Oct 26, 2019 13:55:11.68 
Oct 26, 2019 13:55:11.68 ###!!! [Parent][DispatchAsyncMessage] Error: PAPZCTreeManager::Msg_SetTargetAPZC Processing error: message was deserialized, but the handler returned false (indicating failure)
Oct 26, 2019 13:55:11.68 
Oct 26, 2019 13:58:26.42 [Parent 9772, Gecko_IOThread] WARNING: pipe error: 109: file z:/task_1570640083/build/src/ipc/chromium/src/chrome/common/ipc_channel_win.cc, line 341
Oct 26, 2019 13:58:26.42 [Parent 9772, Gecko_IOThread] WARNING: pipe error: 109: file z:/task_1570640083/build/src/ipc/chromium/src/chrome/common/ipc_channel_win.cc, line 341
Oct 26, 2019 13:58:26.44 [Parent 9772, Gecko_IOThread] WARNING: pipe error: 109: file z:/task_1570640083/build/src/ipc/chromium/src/chrome/common/ipc_channel_win.cc, line 341
Oct 26, 2019 13:58:26.44 [Child 8076, Chrome_ChildThread] WARNING: pipe error: 109: file z:/task_1570640083/build/src/ipc/chromium/src/chrome/common/ipc_channel_win.cc, line 341
Oct 26, 2019 13:58:26.44 [Child 8076, Chrome_ChildThread] WARNING: pipe error: 109: file z:/task_1570640083/build/src/ipc/chromium/sr[Cch/iclhdr o8m9e7/6c,o mCmhorno/miepc_channel_win.cc, _linCeh i3l4d1T
Oct 26, 2019 13:58:26.44 hread] WARNING: pipe error: 109: file z:/task_1570640083/build/src/ipc/chromium/src/chrome/common/ipc_channel_win.cc, line 341
Oct 26, 2019 13:58:26.44 [Child 8976, Chrome_ChildThread] WARNING: pipe error: 109: file z:/task_1570640083/build/src/ipc/chromium/src/chrome/common/ipc_channel_win.cc, line 341
Oct 26, 2019 13:58:26.44 
Oct 26, 2019 13:58:26.45 ###!!! [Child][RunMessage] Error: Channel closing: too late to send/recv, messages will be lost
Oct 26, 2019 13:58:26.45 
Oct 26, 2019 13:58:26.45 
Oct 26, 2019 13:58:26.45 ###!!! [Child][RunMessage] Error: Channel closing: too late to send/recv, messages will be lost
Oct 26, 2019 13:58:26.45 
Oct 26, 2019 13:58:26.45 
Oct 26, 2019 13:58:26.47 ###!!! [Child][RunMessage] Error: Channel closing: too late to send/recv, messages will be lost
Oct 26, 2019 13:58:26.47 
Oct 26, 2019 13:58:26.47 
Oct 26, 2019 13:58:26.47 ###!!! [Child][RunMessage] Error: Channel closing: too late to send/recv, messages will be lost
Oct 26, 2019 13:58:26.47 
Oct 26, 2019 13:58:26.47 
Oct 26, 2019 13:58:26.49 ###!!! [Child][RunMessage] Error: Channel closing: too late to send/recv, messages will be lost
Oct 26, 2019 13:58:26.49 
Oct 26, 2019 13:58:26.49 [C
Oct 26, 2019 13:58:26.49 ###!!! [Child][RunMessage] Error: Channel closing: too late to send/recv, messages will be lost
Oct 26, 2019 13:58:26.49 
Oct 26, 2019 13:58:26.50 hi
Oct 26, 2019 13:58:26.50 ###!!! [Child][RunMessage] Error: Channel closing: too late to send/recv, messages will be lost
Oct 26, 2019 13:58:26.50 
Oct 26, 2019 13:58:26.50 ld 2796, Chro
Oct 26, 2019 13:58:26.52 ###!!! [Child][RunMessage] Error: Channel closing: too late to send/recv, messages will be lost
Oct 26, 2019 13:58:26.52 
Oct 26, 2019 13:58:26.52 me_ChildThr
Oct 26, 2019 13:58:26.52 ###!!! [Child][RunMessage] Error: Channel closing: too late to send/recv, messages will be lost
Oct 26, 2019 13:58:26.52 
Oct 26, 2019 13:58:26.52 ead] WA
Oct 26, 2019 13:58:26.53 ###!!! [Child][RunMessage] Error: Channel closing: too late to send/recv, messages will be lost
Oct 26, 2019 13:58:26.53 
Oct 26, 2019 13:58:26.55 RNING: pipe erro
Oct 26, 2019 13:58:26.56 ###!!! [Child][RunMessage] Error: Channel closing: too late to send/recv, messages will be lost
Oct 26, 2019 13:58:26.58 
Oct 26, 2019 13:58:26.58 r: 
Oct 26, 2019 13:58:26.58 ###!!! [Child][RunMessage] Error: Channel closing: too late to send/recv, messages will be lost
Oct 26, 2019 13:58:26.58 
Oct 26, 2019 13:58:26.58 109: f
Oct 26, 2019 13:58:26.59 ###!!! [Child][RunMessage] Error: Channel closing: too late to send/recv, messages will be lost
Oct 26, 2019 13:58:26.59 
Oct 26, 2019 13:58:26.59 ile z
Oct 26, 2019 13:58:26.59 ###!!! [Child][RunMessage] Error: Channel closing: too late to send/recv, messages will be lost
Oct 26, 2019 13:58:26.61 
Oct 26, 2019 13:58:26.61 :/task_
Oct 26, 2019 13:58:26.61 ###!!! [Child][RunMessage] Error: Channel closing: too late to send/recv, messages will be lost
Oct 26, 2019 13:58:26.61 
Oct 26, 2019 13:58:26.61 1570640083/build/src
Oct 26, 2019 13:58:26.61 ###!!! [Child][RunMessage] Error: Channel closing: too late to send/recv, messages will be lost
Oct 26, 2019 13:58:26.63 
Oct 26, 2019 13:58:26.63 /i
Oct 26, 2019 13:58:26.63 ###!!! [Child][RunMessage] Error: Channel closing: too late to send/recv, messages will be lost
Oct 26, 2019 13:58:26.63 
Oct 26, 2019 13:58:26.63 pc
Oct 26, 2019 13:58:26.63 ###!!! [Child][RunMessage] Error: Channel closing: too late to send/recv, messages will be lost
Oct 26, 2019 13:58:26.63 
Oct 26, 2019 13:58:26.64 /chro
Oct 26, 2019 13:58:26.64 ###!!! [Child][RunMessage] Error: Channel closing: too late to send/recv, messages will be lost
Oct 26, 2019 13:58:26.64 
Oct 26, 2019 13:58:26.64 miu
Oct 26, 2019 13:58:26.64 ###!!! [Child][RunMessage] Error: Channel closing: too late to send/recv, messages will be lost
Oct 26, 2019 13:58:26.64 
Oct 26, 2019 13:58:26.64 m/src
Oct 26, 2019 13:58:26.66 ###!!! [Child][RunMessage] Error: Channel closing: too late to send/recv, messages will be lost
Oct 26, 2019 13:58:26.66 
Oct 26, 2019 13:58:26.66 /chrome
Oct 26, 2019 13:58:26.66 ###!!! [Child][RunMessage] Error: Channel closing: too late to send/recv, messages will be lost
Oct 26, 2019 13:58:26.66 
Oct 26, 2019 13:58:26.66 /com
Oct 26, 2019 13:58:26.67 ###!!! [Child][RunMessage] Error: Channel closing: too late to send/recv, messages will be lost
Oct 26, 2019 13:58:26.67 
Oct 26, 2019 13:58:26.67 mon/i
Oct 26, 2019 13:58:26.67 ###!!! [Child][RunMessage] Error: Channel closing: too late to send/recv, messages will be lost
Oct 26, 2019 13:58:26.67 
Oct 26, 2019 13:58:26.67 pc
Oct 26, 2019 13:58:26.67 ###!!! [Child][RunMessage] Error: Channel closing: too late to send/recv, messages will be lost
Oct 26, 2019 13:58:26.69 
Oct 26, 2019 13:58:26.69 _c
Oct 26, 2019 13:58:26.69 ###!!! [Child][RunMessage] Error: Channel closing: too late to send/recv, messages will be lost
Oct 26, 2019 13:58:26.70 
Oct 26, 2019 13:58:26.70 hannel_win.cc, line 341
Oct 26, 2019 13:58:26.71 [Child 2796, Chrome_ChildThread] WARNING: pipe error: 109: file z:/tas[Parent 9772, Gecko_IOThread] WARNING: pipe error: 109: file z:/task_1570640083/build/src/ipc/chromium/src/chrome/common/ipc_channel_win.cc, line 341
Oct 26, 2019 13:58:26.71 [Child 2148, Chrome_ChildThread] WARNING: pipe error: 109: file z:/task_1570640083/build/src/ipc/chromium/src/chrome/common/ipc_channel_win.cc, line 341
Oct 26, 2019 13:58:26.71 [Child 2148,[Child 2244, Chrome_ChildThread] WARNING: pipe error: 232: file z:/task_1570640083/build/src/ipc/chromium/src/chrome/common/ipc_channel_win.cc, line 502
Oct 26, 2019 13:58:26.72 [Parent 9772, Gecko_IOThread] WARNING: pipe error: 109: file z:/task_1570640083/build/src/ipc/chromium/src/chrome/common/ipc_channel_win.cc, line 341
Oct 26, 2019 13:58:26.75 
Oct 26, 2019 13:58:26.76 ###!!! [Child][RunMessage] Error: Channel closing: too late to send/recv, messages will be lost
Oct 26, 2019 13:58:26.76 
Oct 26, 2019 13:58:26.76 [GPU 5548, Chrome_ChildThread] WARNING: pipe error: 109: file z:/task_1570640083/build/src/ipc/chromium/src/chrome/common/ipc_channel_win.cc, line 341
Oct 26, 2019 13:58:26.78 
Oct 26, 2019 13:58:26.78 ###!!! [Parent][RunMessage] Error: Channel closing: too late to send/recv, messages will be lost
Oct 26, 2019 13:58:26.78 
Oct 26, 2019 13:58:26.81 
Oct 26, 2019 13:58:26.81 ###!!! [Child][MessageChannel::SendAndWait] Error: Channel error: cannot send/recv
Oct 26, 2019 13:58:26.81 
Oct 26, 2019 16:31:29.68 [Parent 3508, Gecko_IOThread] WARNING: pipe error: 109: file z:/task_1571244707/build/src/ipc/chromium/src/chrome/common/ipc_channel_win.cc, line 341
Oct 26, 2019 16:31:29.72 [Child 4148, Chrome_ChildThread] WARNING: pipe error: 109: file z:/task_1571244707/build/src/ipc/chromium/src/chrome/common/ipc_channel_win.cc, line 341
Oct 26, 2019 17:33:02.89 [Parent 3508, Gecko_IOThread] WARNING: pipe error: 109: file z:/task_1571244707/build/src/ipc/chromium/src/chrome/common/ipc_channel_win.cc, line 341
Oct 26, 2019 17:33:02.90 [Parent 3508, Gecko_IOThread] WARNING: pipe error: 109: file z:/task_1571244707/build/src/ipc/chromium/src/chrome/common/ipc_channel_win.cc, line 341
Oct 26, 2019 17:33:02.93 [Child 6196, Chrome_ChildThread] WARNING: pipe error: 109: file z:/task_1571244707/build/src/ipc/chromium/src/ch[Child 5004, Chrome_ChildThread] WARNING: pipe error: 109: file z:/task_1571244707/build/src/ipc/chromium/src/chrome/common/ipc_channel_win.cc, line 341
Oct 26, 2019 17:33:02.94 [Child 5004, Chrome_ChildThread] WARNING: pipe error: 109: file z:/task_1571244707/build/src/ipc/chromium/src/chrome/common/ipc_channel_win.cc, line 341
Oct 26, 2019 17:33:02.94 rome/common/ipc_channel_win.cc, line 341
Oct 26, 2019 17:33:02.95 [Child 13208, Chrome_ChildThread] WARNING: pipe error: 109: file z:/task_1571244707/build/src/ipc/chromium/src/chrome/common/ipc_channel_win.cc, line 341
Oct 26, 2019 17:33:02.96 [Child 13[Child 13620, Chrome_ChildThread] WARNING: pipe error: 109: file z:/task_1571244707/build/src/ipc/chromium/src/chrome/common/ipc_channel_win.cc, line 341
Oct 26, 2019 17:33:02.98 [Parent 3508, Gecko_IOThread] WARNING: pipe error: 109: file z:/task_1571244707/build/src/ipc/chromium/src/chrome/common/ipc_channel_win.cc, line 341
Oct 26, 2019 17:33:02.98 [Child 10808, Chrome_ChildThread] WARNING: pipe error: 109: file z:/task_1571244707/build/src/ipc/chromium/src/chrome/common/ipc_channel_win.cc, line 341
Oct 26, 2019 17:33:03.25 [Child 10808, Chrome_ChildThread[Parent 3508, Gecko_IOThread] WARNING: pipe error: 109: file z:/task_1571244707/build/src/ipc/chromium/src/chrome/common/ipc_channel_win.cc, line 341
Oct 26, 2019 17:33:03.34 [Child 12400, Chrome_ChildThread] WARNING: pipe error: 109: file z:/task_1571244707/build/src/ipc/chromium/src/chrome/common/ipc_channel_win.cc, line 341
Oct 26, 2019 17:33:03.35 [Child 12400, Chrome_ChildThread] WARNING: pipe error: 109: file z:/task_1571244707/build/src/ipc/chromium/src/chrome/common/ipc_channel_win.cc, line 341
Oct 26, 2019 17:33:03.52 
Oct 26, 2019 17:33:03.53 ###!!! [Parent][RunMessage] Error: Channel closing: too late to send/recv, messages will be lost
Oct 26, 2019 17:33:03.53 
Oct 26, 2019 17:33:03.61 
Oct 26, 2019 17:33:03.62 ###!!! [Child][MessageChannel::SendAndWait] Error: Channel error: cannot send/recv
Oct 26, 2019 17:33:03.62 
